This is pdfTeX, Version 3.14159265-2.6-1.40.17 (MiKTeX 2.9 64-bit) (preloaded format=pdflatex 2016.10.2)  18 APR 2017 18:54
entering extended mode
**./SDD.tex
(SDD.tex
LaTeX2e <2016/03/31> patch level 3
Babel <3.9r> and hyphenation patterns for 75 language(s) loaded.
("C:\Program Files\MiKTeX 2.9\tex\latex\base\article.cls"
Document Class: article 2014/09/29 v1.4h Standard LaTeX document class
("C:\Program Files\MiKTeX 2.9\tex\latex\base\size10.clo"
File: size10.clo 2014/09/29 v1.4h Standard LaTeX file (size option)
)
\c@part=\count79
\c@section=\count80
\c@subsection=\count81
\c@subsubsection=\count82
\c@paragraph=\count83
\c@subparagraph=\count84
\c@figure=\count85
\c@table=\count86
\abovecaptionskip=\skip41
\belowcaptionskip=\skip42
\bibindent=\dimen102
)
(C:\Users\meltd\AppData\Roaming\MiKTeX\2.9\tex\latex\pdfpages\pdfpages.sty
Package: pdfpages 2016/04/19 v0.5f Insert pages of external PDF documents (AM)

("C:\Program Files\MiKTeX 2.9\tex\latex\base\ifthen.sty"
Package: ifthen 2014/09/29 v1.1c Standard LaTeX ifthen package (DPC)
)
("C:\Program Files\MiKTeX 2.9\tex\latex\tools\calc.sty"
Package: calc 2014/10/28 v4.3 Infix arithmetic (KKT,FJ)
\calc@Acount=\count87
\calc@Bcount=\count88
\calc@Adimen=\dimen103
\calc@Bdimen=\dimen104
\calc@Askip=\skip43
\calc@Bskip=\skip44
LaTeX Info: Redefining \setlength on input line 80.
LaTeX Info: Redefining \addtolength on input line 81.
\calc@Ccount=\count89
\calc@Cskip=\skip45
)
(C:\Users\meltd\AppData\Roaming\MiKTeX\2.9\tex\latex\eso-pic\eso-pic.sty
Package: eso-pic 2015/07/21 v2.0g eso-pic (RN)

("C:\Program Files\MiKTeX 2.9\tex\generic\oberdiek\atbegshi.sty"
Package: atbegshi 2016/06/09 v1.18 At begin shipout hook (HO)

("C:\Program Files\MiKTeX 2.9\tex\generic\oberdiek\infwarerr.sty"
Package: infwarerr 2016/05/16 v1.4 Providing info/warning/error messages (HO)
)
("C:\Program Files\MiKTeX 2.9\tex\generic\oberdiek\ltxcmds.sty"
Package: ltxcmds 2016/05/16 v1.23 LaTeX kernel commands for general use (HO)
)
("C:\Program Files\MiKTeX 2.9\tex\generic\oberdiek\ifpdf.sty"
Package: ifpdf 2016/05/14 v3.1 Provides the ifpdf switch
))
("C:\Program Files\MiKTeX 2.9\tex\latex\graphics\keyval.sty"
Package: keyval 2014/10/28 v1.15 key=value parser (DPC)
\KV@toks@=\toks14
)
(C:\Users\meltd\AppData\Roaming\MiKTeX\2.9\tex\latex\xcolor\xcolor.sty
Package: xcolor 2016/05/11 v2.12 LaTeX color extensions (UK)

("C:\Program Files\MiKTeX 2.9\tex\latex\00miktex\color.cfg"
File: color.cfg 2016/01/02 v1.6 sample color configuration
)
Package xcolor Info: Driver file: pdftex.def on input line 225.

("C:\Program Files\MiKTeX 2.9\tex\latex\graphics-def\pdftex.def"
File: pdftex.def 2016/07/10 v0.06j Graphics/color for pdfTeX
\Gread@gobject=\count90
)
Package xcolor Info: Model `cmy' substituted by `cmy0' on input line 1348.
Package xcolor Info: Model `hsb' substituted by `rgb' on input line 1352.
Package xcolor Info: Model `RGB' extended on input line 1364.
Package xcolor Info: Model `HTML' substituted by `rgb' on input line 1366.
Package xcolor Info: Model `Hsb' substituted by `hsb' on input line 1367.
Package xcolor Info: Model `tHsb' substituted by `hsb' on input line 1368.
Package xcolor Info: Model `HSB' substituted by `hsb' on input line 1369.
Package xcolor Info: Model `Gray' substituted by `gray' on input line 1370.
Package xcolor Info: Model `wave' substituted by `hsb' on input line 1371.
))
("C:\Program Files\MiKTeX 2.9\tex\latex\graphics\graphicx.sty"
Package: graphicx 2014/10/28 v1.0g Enhanced LaTeX Graphics (DPC,SPQR)

("C:\Program Files\MiKTeX 2.9\tex\latex\graphics\graphics.sty"
Package: graphics 2016/07/10 v1.0t Standard LaTeX Graphics (DPC,SPQR)

("C:\Program Files\MiKTeX 2.9\tex\latex\graphics\trig.sty"
Package: trig 2016/01/03 v1.10 sin cos tan (DPC)
)
("C:\Program Files\MiKTeX 2.9\tex\latex\00miktex\graphics.cfg"
File: graphics.cfg 2016/06/04 v1.11 sample graphics configuration
)
Package graphics Info: Driver file: pdftex.def on input line 99.
)
\Gin@req@height=\dimen105
\Gin@req@width=\dimen106
)
\AM@pagewidth=\dimen107
\AM@pageheight=\dimen108

(C:\Users\meltd\AppData\Roaming\MiKTeX\2.9\tex\latex\pdfpages\pppdftex.def
File: pppdftex.def 2016/04/19 v0.5f Pdfpages driver for pdfTeX (AM)
)
\AM@pagebox=\box26
\AM@global@opts=\toks15
\AM@toc@title=\toks16
\c@AM@survey=\count91
\AM@templatesizebox=\box27
)
("C:\Program Files\MiKTeX 2.9\tex\latex\float\float.sty"
Package: float 2001/11/08 v1.3d Float enhancements (AL)
\c@float@type=\count92
\float@exts=\toks17
\float@box=\box28
\@float@everytoks=\toks18
\@floatcapt=\box29
)
("C:\Program Files\MiKTeX 2.9\tex\latex\geometry\geometry.sty"
Package: geometry 2010/09/12 v5.6 Page Geometry

("C:\Program Files\MiKTeX 2.9\tex\generic\oberdiek\ifvtex.sty"
Package: ifvtex 2016/05/16 v1.6 Detect VTeX and its facilities (HO)
Package ifvtex Info: VTeX not detected.
)
("C:\Program Files\MiKTeX 2.9\tex\generic\ifxetex\ifxetex.sty"
Package: ifxetex 2010/09/12 v0.6 Provides ifxetex conditional
)
\Gm@cnth=\count93
\Gm@cntv=\count94
\c@Gm@tempcnt=\count95
\Gm@bindingoffset=\dimen109
\Gm@wd@mp=\dimen110
\Gm@odd@mp=\dimen111
\Gm@even@mp=\dimen112
\Gm@layoutwidth=\dimen113
\Gm@layoutheight=\dimen114
\Gm@layouthoffset=\dimen115
\Gm@layoutvoffset=\dimen116
\Gm@dimlist=\toks19

("C:\Program Files\MiKTeX 2.9\tex\latex\geometry\geometry.cfg")) (SDD.aux)
\openout1 = `SDD.aux'.

LaTeX Font Info:    Checking defaults for OML/cmm/m/it on input line 12.
LaTeX Font Info:    ... okay on input line 12.
LaTeX Font Info:    Checking defaults for T1/cmr/m/n on input line 12.
LaTeX Font Info:    ... okay on input line 12.
LaTeX Font Info:    Checking defaults for OT1/cmr/m/n on input line 12.
LaTeX Font Info:    ... okay on input line 12.
LaTeX Font Info:    Checking defaults for OMS/cmsy/m/n on input line 12.
LaTeX Font Info:    ... okay on input line 12.
LaTeX Font Info:    Checking defaults for OMX/cmex/m/n on input line 12.
LaTeX Font Info:    ... okay on input line 12.
LaTeX Font Info:    Checking defaults for U/cmr/m/n on input line 12.
LaTeX Font Info:    ... okay on input line 12.
\AtBeginShipoutBox=\box30

(C:\Users\meltd\AppData\Roaming\MiKTeX\2.9\tex\context\base\supp-pdf.mkii
[Loading MPS to PDF converter (version 2006.09.02).]
\scratchcounter=\count96
\scratchdimen=\dimen117
\scratchbox=\box31
\nofMPsegments=\count97
\nofMParguments=\count98
\everyMPshowfont=\toks20
\MPscratchCnt=\count99
\MPscratchDim=\dimen118
\MPnumerator=\count100
\makeMPintoPDFobject=\count101
\everyMPtoPDFconversion=\toks21
) ("C:\Program Files\MiKTeX 2.9\tex\generic\oberdiek\pdftexcmds.sty"
Package: pdftexcmds 2016/05/21 v0.22 Utility functions of pdfTeX for LuaTeX (HO
)

("C:\Program Files\MiKTeX 2.9\tex\generic\oberdiek\ifluatex.sty"
Package: ifluatex 2016/05/16 v1.4 Provides the ifluatex switch (HO)
Package ifluatex Info: LuaTeX not detected.
)
Package pdftexcmds Info: LuaTeX not detected.
Package pdftexcmds Info: \pdf@primitive is available.
Package pdftexcmds Info: \pdf@ifprimitive is available.
Package pdftexcmds Info: \pdfdraftmode found.
)
("C:\Program Files\MiKTeX 2.9\tex\latex\oberdiek\epstopdf-base.sty"
Package: epstopdf-base 2016/05/15 v2.6 Base part for package epstopdf

("C:\Program Files\MiKTeX 2.9\tex\latex\oberdiek\grfext.sty"
Package: grfext 2016/05/16 v1.2 Manage graphics extensions (HO)

("C:\Program Files\MiKTeX 2.9\tex\generic\oberdiek\kvdefinekeys.sty"
Package: kvdefinekeys 2016/05/16 v1.4 Define keys (HO)
))
("C:\Program Files\MiKTeX 2.9\tex\latex\oberdiek\kvoptions.sty"
Package: kvoptions 2016/05/16 v3.12 Key value format for package options (HO)

("C:\Program Files\MiKTeX 2.9\tex\generic\oberdiek\kvsetkeys.sty"
Package: kvsetkeys 2016/05/16 v1.17 Key value parser (HO)

("C:\Program Files\MiKTeX 2.9\tex\generic\oberdiek\etexcmds.sty"
Package: etexcmds 2016/05/16 v1.6 Avoid name clashes with e-TeX commands (HO)
Package etexcmds Info: Could not find \expanded.
(etexcmds)             That can mean that you are not using pdfTeX 1.50 or
(etexcmds)             that some package has redefined \expanded.
(etexcmds)             In the latter case, load this package earlier.
)))
Package epstopdf-base Info: Redefining graphics rule for `.eps' on input line 4
38.
Package grfext Info: Graphics extension search list:
(grfext)             [.png,.pdf,.jpg,.mps,.jpeg,.jbig2,.jb2,.PNG,.PDF,.JPG,.JPE
G,.JBIG2,.JB2,.eps]
(grfext)             \AppendGraphicsExtensions on input line 456.
)
("C:\Program Files\MiKTeX 2.9\tex\latex\oberdiek\pdflscape.sty"
Package: pdflscape 2016/05/14 v0.11 Display of landscape pages in PDF (HO)

("C:\Program Files\MiKTeX 2.9\tex\latex\graphics\lscape.sty"
Package: lscape 2000/10/22 v3.01 Landscape Pages (DPC)
)
Package pdflscape Info: Auto-detected driver: pdftex on input line 81.
)
*geometry* driver: auto-detecting
*geometry* detected driver: pdftex
*geometry* verbose mode - [ preamble ] result:
* driver: pdftex
* paper: <default>
* layout: <same size as paper>
* layoutoffset:(h,v)=(0.0pt,0.0pt)
* modes: 
* h-part:(L,W,R)=(72.26999pt, 469.75502pt, 72.26999pt)
* v-part:(T,H,B)=(72.26999pt, 650.43001pt, 72.26999pt)
* \paperwidth=614.295pt
* \paperheight=794.96999pt
* \textwidth=469.75502pt
* \textheight=650.43001pt
* \oddsidemargin=0.0pt
* \evensidemargin=0.0pt
* \topmargin=-37.0pt
* \headheight=12.0pt
* \headsep=25.0pt
* \topskip=10.0pt
* \footskip=30.0pt
* \marginparwidth=65.0pt
* \marginparsep=11.0pt
* \columnsep=10.0pt
* \skip\footins=9.0pt plus 4.0pt minus 2.0pt
* \hoffset=0.0pt
* \voffset=0.0pt
* \mag=1000
* \@twocolumnfalse
* \@twosidefalse
* \@mparswitchfalse
* \@reversemarginfalse
* (1in=72.27pt=25.4mm, 1cm=28.453pt)

LaTeX Font Info:    External font `cmex10' loaded for size
(Font)              <12> on input line 15.
LaTeX Font Info:    External font `cmex10' loaded for size
(Font)              <8> on input line 15.
LaTeX Font Info:    External font `cmex10' loaded for size
(Font)              <6> on input line 15.
[1

{C:/Users/meltd/AppData/Local/MiKTeX/2.9/pdftex/config/pdftex.map}]
<scanner.png, id=7, 2241.37375pt x 1562.83875pt>
File: scanner.png Graphic file (type png)
 <use scanner.png>
Package pdftex.def Info: scanner.png used on input line 30.
(pdftex.def)             Requested size: 469.75502pt x 327.5381pt.

<parser.png, id=8, 1295.59032pt x 690.32906pt>
File: parser.png Graphic file (type png)
 <use parser.png>
Package pdftex.def Info: parser.png used on input line 41.
(pdftex.def)             Requested size: 469.75502pt x 250.29845pt.
 [1 <./scanner.png (PNG copy)>] <parser2.png, id=15, 1295.59032pt x 570.63188pt
>
File: parser2.png Graphic file (type png)

<use parser2.png>
Package pdftex.def Info: parser2.png used on input line 46.
(pdftex.def)             Requested size: 469.75502pt x 206.89882pt.
 <SyntaxTree.png, id=16, 3111.625pt x 1315.91624pt>
File: SyntaxTree.png Graphic file (type png)

<use SyntaxTree.png>
Package pdftex.def Info: SyntaxTree.png used on input line 54.
(pdftex.def)             Requested size: 469.75502pt x 198.6439pt.
 [2 <./parser.png> <./parser2.png>]
<Grammar.pdf, id=21, 614.295pt x 794.97pt>
File: Grammar.pdf Graphic file (type pdf)
 <use Grammar.pdf>
Package pdftex.def Info: Grammar.pdf used on input line 64.
(pdftex.def)             Requested size: 614.29349pt x 794.96806pt.
File: Grammar.pdf Graphic file (type pdf)
 <use Grammar.pdf>
Package pdftex.def Info: Grammar.pdf used on input line 64.
(pdftex.def)             Requested size: 614.29349pt x 794.96806pt.

<Grammar.pdf, id=24, page=1, 614.295pt x 794.97pt>
File: Grammar.pdf Graphic file (type pdf)
 <use Grammar.pdf, page 1>
Package pdftex.def Info: Grammar.pdf, page1 used on input line 64.
(pdftex.def)             Requested size: 614.29349pt x 794.96806pt.
File: Grammar.pdf Graphic file (type pdf)

<use Grammar.pdf, page 1>
Package pdftex.def Info: Grammar.pdf, page1 used on input line 64.
(pdftex.def)             Requested size: 614.58406pt x 795.3441pt.
 [3 <./SyntaxTree.png (PNG copy)>]
File: Grammar.pdf Graphic file (type pdf)

<use Grammar.pdf, page 1>
Package pdftex.def Info: Grammar.pdf, page1 used on input line 64.
(pdftex.def)             Requested size: 614.58406pt x 795.3441pt.
File: Grammar.pdf Graphic file (type pdf)
 <use Grammar.pdf, page 1>
Package pdftex.def Info: Grammar.pdf, page1 used on input line 64.
(pdftex.def)             Requested size: 614.58406pt x 795.3441pt.
File: Grammar.pdf Graphic file (type pdf)
 <use Grammar.pdf, page 1>
Package pdftex.def Info: Grammar.pdf, page1 used on input line 64.
(pdftex.def)             Requested size: 614.58406pt x 795.3441pt.

[4 <./Grammar.pdf>] <Grammar.pdf, id=88, page=2, 614.295pt x 794.97pt>
File: Grammar.pdf Graphic file (type pdf)

<use Grammar.pdf, page 2>
Package pdftex.def Info: Grammar.pdf, page2 used on input line 64.
(pdftex.def)             Requested size: 614.58406pt x 795.3441pt.
File: Grammar.pdf Graphic file (type pdf)
 <use Grammar.pdf, page 2>
Package pdftex.def Info: Grammar.pdf, page2 used on input line 64.
(pdftex.def)             Requested size: 614.58406pt x 795.3441pt.
File: Grammar.pdf Graphic file (type pdf)
 <use Grammar.pdf, page 2>
Package pdftex.def Info: Grammar.pdf, page2 used on input line 64.
(pdftex.def)             Requested size: 614.58406pt x 795.3441pt.

[5 <./Grammar.pdf>] <Grammar.pdf, id=92, page=3, 614.295pt x 794.97pt>
File: Grammar.pdf Graphic file (type pdf)

<use Grammar.pdf, page 3>
Package pdftex.def Info: Grammar.pdf, page3 used on input line 64.
(pdftex.def)             Requested size: 614.58406pt x 795.3441pt.
File: Grammar.pdf Graphic file (type pdf)
 <use Grammar.pdf, page 3>
Package pdftex.def Info: Grammar.pdf, page3 used on input line 64.
(pdftex.def)             Requested size: 614.58406pt x 795.3441pt.
File: Grammar.pdf Graphic file (type pdf)
 <use Grammar.pdf, page 3>
Package pdftex.def Info: Grammar.pdf, page3 used on input line 64.
(pdftex.def)             Requested size: 614.58406pt x 795.3441pt.

[6 <./Grammar.pdf>] <KeywordsAndSymbols.pdf, id=107, 614.295pt x 794.97pt>
File: KeywordsAndSymbols.pdf Graphic file (type pdf)

<use KeywordsAndSymbols.pdf>
Package pdftex.def Info: KeywordsAndSymbols.pdf used on input line 65.
(pdftex.def)             Requested size: 614.29349pt x 794.96806pt.
File: KeywordsAndSymbols.pdf Graphic file (type pdf)
 <use KeywordsAndSymbols.pdf>
Package pdftex.def Info: KeywordsAndSymbols.pdf used on input line 65.
(pdftex.def)             Requested size: 614.29349pt x 794.96806pt.

<KeywordsAndSymbols.pdf, id=110, page=1, 614.295pt x 794.97pt>
File: KeywordsAndSymbols.pdf Graphic file (type pdf)

<use KeywordsAndSymbols.pdf, page 1>
Package pdftex.def Info: KeywordsAndSymbols.pdf, page1 used on input line 65.
(pdftex.def)             Requested size: 614.29349pt x 794.96806pt.
File: KeywordsAndSymbols.pdf Graphic file (type pdf)
 <use KeywordsAndSymbols.pdf, page 1>
Package pdftex.def Info: KeywordsAndSymbols.pdf, page1 used on input line 65.
(pdftex.def)             Requested size: 614.58406pt x 795.3441pt.
File: KeywordsAndSymbols.pdf Graphic file (type pdf)

<use KeywordsAndSymbols.pdf, page 1>
Package pdftex.def Info: KeywordsAndSymbols.pdf, page1 used on input line 65.
(pdftex.def)             Requested size: 614.58406pt x 795.3441pt.
File: KeywordsAndSymbols.pdf Graphic file (type pdf)
 <use KeywordsAndSymbols.pdf, page 1>
Package pdftex.def Info: KeywordsAndSymbols.pdf, page1 used on input line 65.
(pdftex.def)             Requested size: 614.58406pt x 795.3441pt.
File: KeywordsAndSymbols.pdf Graphic file (type pdf)

<use KeywordsAndSymbols.pdf, page 1>
Package pdftex.def Info: KeywordsAndSymbols.pdf, page1 used on input line 65.
(pdftex.def)             Requested size: 614.58406pt x 795.3441pt.
 [7 <./KeywordsAndSymbols.pdf>] (SDD.aux) ) 
Here is how much of TeX's memory you used:
 3358 strings out of 493334
 48204 string characters out of 3139252
 120722 words of memory out of 3000000
 6841 multiletter control sequences out of 15000+200000
 7587 words of font info for 27 fonts, out of 3000000 for 9000
 1141 hyphenation exceptions out of 8191
 40i,18n,46p,339b,427s stack positions out of 5000i,500n,10000p,200000b,50000s
<C:/Program Files/MiKTeX 2.9/fonts/t
ype1/public/amsfonts/cm/cmbx12.pfb><C:/Program Files/MiKTeX 2.9/fonts/type1/pub
lic/amsfonts/cm/cmr10.pfb><C:/Program Files/MiKTeX 2.9/fonts/type1/public/amsfo
nts/cm/cmr12.pfb><C:/Program Files/MiKTeX 2.9/fonts/type1/public/amsfonts/cm/cm
r17.pfb>
Output written on SDD.pdf (8 pages, 556443 bytes).
PDF statistics:
 140 PDF objects out of 1000 (max. 8388607)
 0 named destinations out of 1000 (max. 500000)
 71 words of extra memory for PDF output out of 10000 (max. 10000000)

